2021-09-11 23:58:44.819597 -> Error: USB_CONN          -> No se pudo conectar con CH340 (Driver USB de la mquina). USB-Serial CH340 no detectado en ningn puerto. Compruebe conexin y Driver.
2021-09-13 18:24:39.396128 -> Error: USB_MUTE          -> No se recibieron más datos de la máquina. Máquina apagada o desconectada. Último dato recibido: 2021-09-13 18:24:12.992694. 
2021-09-13 18:30:09.351563 -> Error: USB_MUTE          -> No se recibieron más datos de la máquina. Máquina apagada o desconectada. Último dato recibido: 2021-09-13 18:29:42.928127. 
2021-09-16 19:07:34.906073 -> Error: USB_CONN          -> No se pudo conectar con CH340 (Driver USB de la máquina). could not open port 'COM3': PermissionError(13, 'Acceso denegado.', None, 5)
2021-09-19 17:56:13.100202 -> Error: USB_HOT_UNPLUGGED -> Se perdió la conexión con la máquina. GetOverlappedResult failed (PermissionError(13, 'Acceso denegado.', None, 5))
2023-08-22 10:54:12.659611 -> Error: USB_CONN          -> No se pudo conectar con CH340 (Driver USB de la máquina). could not open port 'COM3': PermissionError(13, 'Acceso denegado.', None, 5)
2023-08-22 10:59:07.536234 -> Error: DB_WRITE          -> No se pudo escribir en la Base de Datos. Última conexión/escritura OK: 2023-08-22 10:54:07.536234. Falló la llamada al Stored Procedure: HL.sp_insertarSesion.
2023-08-22 11:03:43.924157 -> Error: USB_CONN          -> No se pudo conectar con CH340 (Driver USB de la máquina). could not open port 'COM3': PermissionError(13, 'Acceso denegado.', None, 5)
2023-08-22 11:19:19.540286 -> Error: DB_WRITE          -> No se pudo escribir en la Base de Datos. Última conexión/escritura OK: 2023-08-22 11:14:19.540286. Falló la llamada al Stored Procedure: HL.sp_insertarSesion.
2023-08-22 11:27:00.883521 -> Error: USB_CONN          -> No se pudo conectar con CH340 (Driver USB de la máquina). could not open port 'COM3': PermissionError(13, 'Acceso denegado.', None, 5)
2023-08-22 11:27:42.746758 -> Error: USB_MUTE          -> No se recibieron más datos de la máquina. Máquina apagada o desconectada. Último dato recibido: 2023-08-22 11:22:42.738299. 
2023-08-22 11:30:27.428854 -> Error: USB_CONN          -> No se pudo conectar con CH340 (Driver USB de la máquina). could not open port 'COM3': PermissionError(13, 'Acceso denegado.', None, 5)
2023-08-22 11:32:50.853402 -> Error: USB_CONN          -> No se pudo conectar con CH340 (Driver USB de la máquina). could not open port 'COM3': PermissionError(13, 'Acceso denegado.', None, 5)
2023-08-22 11:33:08.333116 -> Error: USB_HOT_UNPLUGGED -> Se perdió la conexión con la máquina. GetOverlappedResult failed (PermissionError(13, 'Acceso denegado.', None, 5))
2023-08-22 11:34:08.024915 -> Error: USB_CONN          -> No se pudo conectar con CH340 (Driver USB de la máquina). could not open port 'COM3': PermissionError(13, 'Acceso denegado.', None, 5)
2023-08-22 11:41:19.593079 -> Error: DB_WRITE          -> No se pudo escribir en la Base de Datos. Última conexión/escritura OK: 2023-08-22 11:36:19.593079. Falló la llamada al Stored Procedure: HL.sp_insertarSesion.
2023-08-22 11:51:19.593087 -> Error: DB_WRITE          -> No se pudo escribir en la Base de Datos. Última conexión/escritura OK: 2023-08-22 11:46:19.593087. Falló la llamada al Stored Procedure: HL.sp_insertarSesion.
2023-08-22 11:57:20.330935 -> Error: DB_WRITE          -> No se pudo escribir en la Base de Datos. Última conexión/escritura OK: 2023-08-22 11:52:20.330935. Falló la llamada al Stored Procedure: HL.sp_insertarSesion.
2023-08-22 12:19:36.318317 -> Error: DB_WRITE          -> No se pudo escribir en la Base de Datos. Última conexión/escritura OK: 2023-08-22 12:14:36.318317. Falló la llamada al Stored Procedure: HL.sp_insertarSesion.
2023-08-22 13:07:13.481423 -> Error: USB_MUTE          -> No se recibieron más datos de la máquina. Máquina apagada o desconectada. Último dato recibido: 2023-08-22 13:06:13.482558. 
2023-08-31 09:04:13.906437 -> Error: USB_CONN          -> No se pudo conectar con CH340 (Driver USB de la máquina). could not open port 'COM3': PermissionError(13, 'Acceso denegado.', None, 5)
2023-08-31 09:04:18.453029 -> Error: USB_CONN          -> No se pudo conectar con CH340 (Driver USB de la máquina). could not open port 'COM3': PermissionError(13, 'Acceso denegado.', None, 5)
2023-08-31 09:05:02.013895 -> Error: USB_CONN          -> No se pudo conectar con CH340 (Driver USB de la máquina). could not open port 'COM3': PermissionError(13, 'Acceso denegado.', None, 5)
